<?xml version="1.0" encoding="UTF-8"?>
<!-- Generated by org.testng.reporters.JUnitReportReporter -->
<testsuite hostname="Ketan" failures="0" tests="4" name="api.test.orderTests" time="7.881" errors="0" timestamp="2024-06-19T14:08:45 IST" skipped="0">
  <testcase classname="api.test.orderTests" name="postOrder" time="3.160"/>
  <system-out/>
  <testcase classname="api.test.orderTests" name="getOrder" time="1.574"/>
  <system-out/>
  <testcase classname="api.test.orderTests" name="updateOrder" time="1.618"/>
  <system-out/>
  <testcase classname="api.test.orderTests" name="deleteOrder" time="1.529"/>
  <system-out/>
</testsuite> <!-- api.test.orderTests -->
